GPU 0: Tesla K80 (UUID: GPU-de8ffccf-4112-aad4-67c9-74fc4b4ba11c)
GPU 1: Tesla K80 (UUID: GPU-e5ae9ffb-59b8-ca97-37fe-69df901e3596)
GPU 2: Tesla K80 (UUID: GPU-6ad13819-55c1-e257-b98c-b7cd2defe1cb)
GPU 3: Tesla K80 (UUID: GPU-3b4a3912-a10b-a5a2-1aa9-168b3eec9528)

Jupyter server is running on: gpu-05
Job starts at: Thu Apr 30 00:54:05 EDT 2020

Step 1 :

If you are working in NYU campus, please open an iTerm window, run command

ssh -L 9495:localhost:9495 sga297@prince.hpc.nyu.edu

If you are working off campus, you should already have ssh tunneling setup through HPC bastion host, 
that you can directly login to prince with command

ssh sga297@prince

Please open an iTerm window, run command

ssh -L 9495:localhost:9495 sga297@prince

Step 2:

Keep the iTerm windows in the previouse step open. Now open browser, find the line with

The Jupyter Notebook is running at: gpu-05

the URL is something: http://localhost:9495/?token=XXXXXXXX (see your token below)

you should be able to connect to jupyter notebook running remotly on prince compute node with above url

[I 00:54:06.254 NotebookApp] Serving notebooks from local directory: /scratch/sga297/dlProject/DLFrnn/Frnn/SimClr/SimclrGPU
[I 00:54:06.254 NotebookApp] The Jupyter Notebook is running at:
[I 00:54:06.254 NotebookApp] http://localhost:9495/?token=ceb0435548d9fc1aaee31bd69807e76d6146575bcbf85625
[I 00:54:06.254 NotebookApp]  or http://127.0.0.1:9495/?token=ceb0435548d9fc1aaee31bd69807e76d6146575bcbf85625
[I 00:54:06.254 NotebookApp] Use Control-C to stop this server and shut down all kernels (twice to skip confirmation).
[C 00:54:06.266 NotebookApp] 
    
    To access the notebook, open this file in a browser:
        file:///home/sga297/.local/share/jupyter/runtime/nbserver-116111-open.html
    Or copy and paste one of these URLs:
        http://localhost:9495/?token=ceb0435548d9fc1aaee31bd69807e76d6146575bcbf85625
     or http://127.0.0.1:9495/?token=ceb0435548d9fc1aaee31bd69807e76d6146575bcbf85625
[I 01:01:48.679 NotebookApp] 302 GET /?token=ceb0435548d9fc1aaee31bd69807e76d6146575bcbf85625 (::1) 0.95ms
[I 01:01:54.685 NotebookApp] Kernel started: 1d796685-9045-47cd-aae1-372767e86e99
[I 01:03:54.697 NotebookApp] Saving file at /SimCLR_Notebook.ipynb
[I 01:05:54.696 NotebookApp] Saving file at /SimCLR_Notebook.ipynb
[I 01:07:54.702 NotebookApp] Saving file at /SimCLR_Notebook.ipynb
[I 01:09:54.680 NotebookApp] Saving file at /SimCLR_Notebook.ipynb
[I 01:11:54.703 NotebookApp] Saving file at /SimCLR_Notebook.ipynb
[I 01:13:54.711 NotebookApp] Saving file at /SimCLR_Notebook.ipynb
[I 01:17:54.710 NotebookApp] Saving file at /SimCLR_Notebook.ipynb
[I 01:19:55.146 NotebookApp] Saving file at /SimCLR_Notebook.ipynb
[I 01:21:54.723 NotebookApp] Saving file at /SimCLR_Notebook.ipynb
[I 01:23:55.285 NotebookApp] Saving file at /SimCLR_Notebook.ipynb
[I 01:29:55.328 NotebookApp] Saving file at /SimCLR_Notebook.ipynb
[I 01:31:55.545 NotebookApp] Saving file at /SimCLR_Notebook.ipynb
[I 01:33:54.749 NotebookApp] Saving file at /SimCLR_Notebook.ipynb
[I 01:35:55.306 NotebookApp] Saving file at /SimCLR_Notebook.ipynb
[W 01:36:14.662 NotebookApp] delete /SimCLR/logs/simclrPretext/checkpoint_0.tar
[W 01:36:14.663 NotebookApp] Skipping trash for /scratch/sga297/dlProject/DLFrnn/Frnn/SimClr/SimclrGPU/SimCLR/logs/simclrPretext/checkpoint_0.tar, on different device to home directory
[W 01:36:14.667 NotebookApp] delete /SimCLR/logs/simclrPretext/checkpoint_1.tar
[W 01:36:14.668 NotebookApp] Skipping trash for /scratch/sga297/dlProject/DLFrnn/Frnn/SimClr/SimclrGPU/SimCLR/logs/simclrPretext/checkpoint_1.tar, on different device to home directory
[I 01:37:54.745 NotebookApp] Saving file at /SimCLR_Notebook.ipynb
[I 01:38:53.600 NotebookApp] Saving file at /SimCLR_Notebook.ipynb
[I 01:39:54.764 NotebookApp] Saving file at /SimCLR_Notebook.ipynb
[I 01:41:54.760 NotebookApp] Saving file at /SimCLR_Notebook.ipynb
[I 01:43:55.253 NotebookApp] Saving file at /SimCLR_Notebook.ipynb
[I 01:45:54.733 NotebookApp] Saving file at /SimCLR_Notebook.ipynb
[I 01:47:02.752 NotebookApp] Starting buffering for 1d796685-9045-47cd-aae1-372767e86e99:f6f3296a62bb4eab9d6ae9156df4663f
[I 01:47:08.479 NotebookApp] Kernel restarted: 1d796685-9045-47cd-aae1-372767e86e99
[I 01:47:11.390 NotebookApp] Restoring connection for 1d796685-9045-47cd-aae1-372767e86e99:f6f3296a62bb4eab9d6ae9156df4663f
[I 01:47:11.390 NotebookApp] Replaying 3 buffered messages
[W 01:47:27.992 NotebookApp] IOPub message rate exceeded.
    The notebook server will temporarily stop sending output
    to the client in order to avoid crashing it.
    To change this limit, set the config variable
    `--NotebookApp.iopub_msg_rate_limit`.
    
    Current values:
    NotebookApp.iopub_msg_rate_limit=1000.0 (msgs/sec)
    NotebookApp.rate_limit_window=3.0 (secs)
    
[W 01:47:28.596 NotebookApp] iopub messages resumed
[W 01:47:31.595 NotebookApp] IOPub message rate exceeded.
    The notebook server will temporarily stop sending output
    to the client in order to avoid crashing it.
    To change this limit, set the config variable
    `--NotebookApp.iopub_msg_rate_limit`.
    
    Current values:
    NotebookApp.iopub_msg_rate_limit=1000.0 (msgs/sec)
    NotebookApp.rate_limit_window=3.0 (secs)
    
[W 01:47:32.199 NotebookApp] iopub messages resumed
[W 01:47:35.195 NotebookApp] IOPub message rate exceeded.
    The notebook server will temporarily stop sending output
    to the client in order to avoid crashing it.
    To change this limit, set the config variable
    `--NotebookApp.iopub_msg_rate_limit`.
    
    Current values:
    NotebookApp.iopub_msg_rate_limit=1000.0 (msgs/sec)
    NotebookApp.rate_limit_window=3.0 (secs)
    
[W 01:47:35.801 NotebookApp] iopub messages resumed
[W 01:47:39.027 NotebookApp] IOPub message rate exceeded.
    The notebook server will temporarily stop sending output
    to the client in order to avoid crashing it.
    To change this limit, set the config variable
    `--NotebookApp.iopub_msg_rate_limit`.
    
    Current values:
    NotebookApp.iopub_msg_rate_limit=1000.0 (msgs/sec)
    NotebookApp.rate_limit_window=3.0 (secs)
    
[W 01:47:39.628 NotebookApp] iopub messages resumed
[W 01:47:42.622 NotebookApp] IOPub message rate exceeded.
    The notebook server will temporarily stop sending output
    to the client in order to avoid crashing it.
    To change this limit, set the config variable
    `--NotebookApp.iopub_msg_rate_limit`.
    
    Current values:
    NotebookApp.iopub_msg_rate_limit=1000.0 (msgs/sec)
    NotebookApp.rate_limit_window=3.0 (secs)
    
[W 01:47:43.229 NotebookApp] iopub messages resumed
[W 01:47:46.227 NotebookApp] IOPub message rate exceeded.
    The notebook server will temporarily stop sending output
    to the client in order to avoid crashing it.
    To change this limit, set the config variable
    `--NotebookApp.iopub_msg_rate_limit`.
    
    Current values:
    NotebookApp.iopub_msg_rate_limit=1000.0 (msgs/sec)
    NotebookApp.rate_limit_window=3.0 (secs)
    
[W 01:47:46.831 NotebookApp] iopub messages resumed
[W 01:47:49.829 NotebookApp] IOPub message rate exceeded.
    The notebook server will temporarily stop sending output
    to the client in order to avoid crashing it.
    To change this limit, set the config variable
    `--NotebookApp.iopub_msg_rate_limit`.
    
    Current values:
    NotebookApp.iopub_msg_rate_limit=1000.0 (msgs/sec)
    NotebookApp.rate_limit_window=3.0 (secs)
    
[W 01:47:50.433 NotebookApp] iopub messages resumed
[W 01:47:53.426 NotebookApp] IOPub message rate exceeded.
    The notebook server will temporarily stop sending output
    to the client in order to avoid crashing it.
    To change this limit, set the config variable
    `--NotebookApp.iopub_msg_rate_limit`.
    
    Current values:
    NotebookApp.iopub_msg_rate_limit=1000.0 (msgs/sec)
    NotebookApp.rate_limit_window=3.0 (secs)
    
[W 01:47:54.033 NotebookApp] iopub messages resumed
[I 01:47:55.192 NotebookApp] Saving file at /SimCLR_Notebook.ipynb
[W 01:47:58.268 NotebookApp] IOPub message rate exceeded.
    The notebook server will temporarily stop sending output
    to the client in order to avoid crashing it.
    To change this limit, set the config variable
    `--NotebookApp.iopub_msg_rate_limit`.
    
    Current values:
    NotebookApp.iopub_msg_rate_limit=1000.0 (msgs/sec)
    NotebookApp.rate_limit_window=3.0 (secs)
    
[W 01:47:58.874 NotebookApp] iopub messages resumed
[W 01:48:01.865 NotebookApp] IOPub message rate exceeded.
    The notebook server will temporarily stop sending output
    to the client in order to avoid crashing it.
    To change this limit, set the config variable
    `--NotebookApp.iopub_msg_rate_limit`.
    
    Current values:
    NotebookApp.iopub_msg_rate_limit=1000.0 (msgs/sec)
    NotebookApp.rate_limit_window=3.0 (secs)
    
[W 01:48:02.474 NotebookApp] iopub messages resumed
[W 01:48:05.469 NotebookApp] IOPub message rate exceeded.
    The notebook server will temporarily stop sending output
    to the client in order to avoid crashing it.
    To change this limit, set the config variable
    `--NotebookApp.iopub_msg_rate_limit`.
    
    Current values:
    NotebookApp.iopub_msg_rate_limit=1000.0 (msgs/sec)
    NotebookApp.rate_limit_window=3.0 (secs)
    
[W 01:48:06.075 NotebookApp] iopub messages resumed
[W 01:48:17.703 NotebookApp] IOPub message rate exceeded.
    The notebook server will temporarily stop sending output
    to the client in order to avoid crashing it.
    To change this limit, set the config variable
    `--NotebookApp.iopub_msg_rate_limit`.
    
    Current values:
    NotebookApp.iopub_msg_rate_limit=1000.0 (msgs/sec)
    NotebookApp.rate_limit_window=3.0 (secs)
    
[W 01:48:18.307 NotebookApp] iopub messages resumed
[W 01:48:21.297 NotebookApp] IOPub message rate exceeded.
    The notebook server will temporarily stop sending output
    to the client in order to avoid crashing it.
    To change this limit, set the config variable
    `--NotebookApp.iopub_msg_rate_limit`.
    
    Current values:
    NotebookApp.iopub_msg_rate_limit=1000.0 (msgs/sec)
    NotebookApp.rate_limit_window=3.0 (secs)
    
[W 01:48:21.906 NotebookApp] iopub messages resumed
[W 01:48:24.906 NotebookApp] IOPub message rate exceeded.
    The notebook server will temporarily stop sending output
    to the client in order to avoid crashing it.
    To change this limit, set the config variable
    `--NotebookApp.iopub_msg_rate_limit`.
    
    Current values:
    NotebookApp.iopub_msg_rate_limit=1000.0 (msgs/sec)
    NotebookApp.rate_limit_window=3.0 (secs)
    
[W 01:48:25.508 NotebookApp] iopub messages resumed
[W 01:48:28.497 NotebookApp] IOPub message rate exceeded.
    The notebook server will temporarily stop sending output
    to the client in order to avoid crashing it.
    To change this limit, set the config variable
    `--NotebookApp.iopub_msg_rate_limit`.
    
    Current values:
    NotebookApp.iopub_msg_rate_limit=1000.0 (msgs/sec)
    NotebookApp.rate_limit_window=3.0 (secs)
    
[W 01:48:29.109 NotebookApp] iopub messages resumed
[W 01:48:32.102 NotebookApp] IOPub message rate exceeded.
    The notebook server will temporarily stop sending output
    to the client in order to avoid crashing it.
    To change this limit, set the config variable
    `--NotebookApp.iopub_msg_rate_limit`.
    
    Current values:
    NotebookApp.iopub_msg_rate_limit=1000.0 (msgs/sec)
    NotebookApp.rate_limit_window=3.0 (secs)
    
[W 01:48:32.709 NotebookApp] iopub messages resumed
[W 01:48:38.021 NotebookApp] IOPub message rate exceeded.
    The notebook server will temporarily stop sending output
    to the client in order to avoid crashing it.
    To change this limit, set the config variable
    `--NotebookApp.iopub_msg_rate_limit`.
    
    Current values:
    NotebookApp.iopub_msg_rate_limit=1000.0 (msgs/sec)
    NotebookApp.rate_limit_window=3.0 (secs)
    
[W 01:48:38.630 NotebookApp] iopub messages resumed
[W 01:48:45.468 NotebookApp] IOPub message rate exceeded.
    The notebook server will temporarily stop sending output
    to the client in order to avoid crashing it.
    To change this limit, set the config variable
    `--NotebookApp.iopub_msg_rate_limit`.
    
    Current values:
    NotebookApp.iopub_msg_rate_limit=1000.0 (msgs/sec)
    NotebookApp.rate_limit_window=3.0 (secs)
    
[W 01:48:46.069 NotebookApp] iopub messages resumed
[W 01:48:51.239 NotebookApp] IOPub message rate exceeded.
    The notebook server will temporarily stop sending output
    to the client in order to avoid crashing it.
    To change this limit, set the config variable
    `--NotebookApp.iopub_msg_rate_limit`.
    
    Current values:
    NotebookApp.iopub_msg_rate_limit=1000.0 (msgs/sec)
    NotebookApp.rate_limit_window=3.0 (secs)
    
[W 01:48:51.846 NotebookApp] iopub messages resumed
[W 01:48:57.713 NotebookApp] IOPub message rate exceeded.
    The notebook server will temporarily stop sending output
    to the client in order to avoid crashing it.
    To change this limit, set the config variable
    `--NotebookApp.iopub_msg_rate_limit`.
    
    Current values:
    NotebookApp.iopub_msg_rate_limit=1000.0 (msgs/sec)
    NotebookApp.rate_limit_window=3.0 (secs)
    
[W 01:48:58.320 NotebookApp] iopub messages resumed
[W 01:49:04.183 NotebookApp] IOPub message rate exceeded.
    The notebook server will temporarily stop sending output
    to the client in order to avoid crashing it.
    To change this limit, set the config variable
    `--NotebookApp.iopub_msg_rate_limit`.
    
    Current values:
    NotebookApp.iopub_msg_rate_limit=1000.0 (msgs/sec)
    NotebookApp.rate_limit_window=3.0 (secs)
    
[W 01:49:04.789 NotebookApp] iopub messages resumed
[W 01:49:18.364 NotebookApp] IOPub message rate exceeded.
    The notebook server will temporarily stop sending output
    to the client in order to avoid crashing it.
    To change this limit, set the config variable
    `--NotebookApp.iopub_msg_rate_limit`.
    
    Current values:
    NotebookApp.iopub_msg_rate_limit=1000.0 (msgs/sec)
    NotebookApp.rate_limit_window=3.0 (secs)
    
[W 01:49:18.967 NotebookApp] iopub messages resumed
[W 01:49:24.082 NotebookApp] IOPub message rate exceeded.
    The notebook server will temporarily stop sending output
    to the client in order to avoid crashing it.
    To change this limit, set the config variable
    `--NotebookApp.iopub_msg_rate_limit`.
    
    Current values:
    NotebookApp.iopub_msg_rate_limit=1000.0 (msgs/sec)
    NotebookApp.rate_limit_window=3.0 (secs)
    
[W 01:49:24.683 NotebookApp] iopub messages resumed
[W 01:49:30.557 NotebookApp] IOPub message rate exceeded.
    The notebook server will temporarily stop sending output
    to the client in order to avoid crashing it.
    To change this limit, set the config variable
    `--NotebookApp.iopub_msg_rate_limit`.
    
    Current values:
    NotebookApp.iopub_msg_rate_limit=1000.0 (msgs/sec)
    NotebookApp.rate_limit_window=3.0 (secs)
    
[W 01:49:31.162 NotebookApp] iopub messages resumed
[W 01:49:37.023 NotebookApp] IOPub message rate exceeded.
    The notebook server will temporarily stop sending output
    to the client in order to avoid crashing it.
    To change this limit, set the config variable
    `--NotebookApp.iopub_msg_rate_limit`.
    
    Current values:
    NotebookApp.iopub_msg_rate_limit=1000.0 (msgs/sec)
    NotebookApp.rate_limit_window=3.0 (secs)
    
[W 01:49:37.631 NotebookApp] iopub messages resumed
[W 01:49:43.500 NotebookApp] IOPub message rate exceeded.
    The notebook server will temporarily stop sending output
    to the client in order to avoid crashing it.
    To change this limit, set the config variable
    `--NotebookApp.iopub_msg_rate_limit`.
    
    Current values:
    NotebookApp.iopub_msg_rate_limit=1000.0 (msgs/sec)
    NotebookApp.rate_limit_window=3.0 (secs)
    
[W 01:49:44.100 NotebookApp] iopub messages resumed
[W 01:49:49.693 NotebookApp] IOPub message rate exceeded.
    The notebook server will temporarily stop sending output
    to the client in order to avoid crashing it.
    To change this limit, set the config variable
    `--NotebookApp.iopub_msg_rate_limit`.
    
    Current values:
    NotebookApp.iopub_msg_rate_limit=1000.0 (msgs/sec)
    NotebookApp.rate_limit_window=3.0 (secs)
    
[W 01:49:50.303 NotebookApp] iopub messages resumed
[I 01:49:55.224 NotebookApp] Saving file at /SimCLR_Notebook.ipynb
[W 01:50:00.306 NotebookApp] IOPub message rate exceeded.
    The notebook server will temporarily stop sending output
    to the client in order to avoid crashing it.
    To change this limit, set the config variable
    `--NotebookApp.iopub_msg_rate_limit`.
    
    Current values:
    NotebookApp.iopub_msg_rate_limit=1000.0 (msgs/sec)
    NotebookApp.rate_limit_window=3.0 (secs)
    
[W 01:50:00.908 NotebookApp] iopub messages resumed
[W 01:50:06.807 NotebookApp] IOPub message rate exceeded.
    The notebook server will temporarily stop sending output
    to the client in order to avoid crashing it.
    To change this limit, set the config variable
    `--NotebookApp.iopub_msg_rate_limit`.
    
    Current values:
    NotebookApp.iopub_msg_rate_limit=1000.0 (msgs/sec)
    NotebookApp.rate_limit_window=3.0 (secs)
    
[W 01:50:07.409 NotebookApp] iopub messages resumed
[W 01:50:26.706 NotebookApp] IOPub message rate exceeded.
    The notebook server will temporarily stop sending output
    to the client in order to avoid crashing it.
    To change this limit, set the config variable
    `--NotebookApp.iopub_msg_rate_limit`.
    
    Current values:
    NotebookApp.iopub_msg_rate_limit=1000.0 (msgs/sec)
    NotebookApp.rate_limit_window=3.0 (secs)
    
[W 01:50:27.307 NotebookApp] iopub messages resumed
[W 01:50:31.461 NotebookApp] IOPub message rate exceeded.
    The notebook server will temporarily stop sending output
    to the client in order to avoid crashing it.
    To change this limit, set the config variable
    `--NotebookApp.iopub_msg_rate_limit`.
    
    Current values:
    NotebookApp.iopub_msg_rate_limit=1000.0 (msgs/sec)
    NotebookApp.rate_limit_window=3.0 (secs)
    
[W 01:50:32.064 NotebookApp] iopub messages resumed
[W 01:50:58.839 NotebookApp] IOPub message rate exceeded.
    The notebook server will temporarily stop sending output
    to the client in order to avoid crashing it.
    To change this limit, set the config variable
    `--NotebookApp.iopub_msg_rate_limit`.
    
    Current values:
    NotebookApp.iopub_msg_rate_limit=1000.0 (msgs/sec)
    NotebookApp.rate_limit_window=3.0 (secs)
    
[W 01:50:59.440 NotebookApp] iopub messages resumed
[W 01:51:18.178 NotebookApp] IOPub message rate exceeded.
    The notebook server will temporarily stop sending output
    to the client in order to avoid crashing it.
    To change this limit, set the config variable
    `--NotebookApp.iopub_msg_rate_limit`.
    
    Current values:
    NotebookApp.iopub_msg_rate_limit=1000.0 (msgs/sec)
    NotebookApp.rate_limit_window=3.0 (secs)
    
[W 01:51:18.779 NotebookApp] iopub messages resumed
[W 01:51:22.066 NotebookApp] IOPub message rate exceeded.
    The notebook server will temporarily stop sending output
    to the client in order to avoid crashing it.
    To change this limit, set the config variable
    `--NotebookApp.iopub_msg_rate_limit`.
    
    Current values:
    NotebookApp.iopub_msg_rate_limit=1000.0 (msgs/sec)
    NotebookApp.rate_limit_window=3.0 (secs)
    
[I 01:51:47.929 NotebookApp] Kernel interrupted: 1d796685-9045-47cd-aae1-372767e86e99
[I 01:51:54.755 NotebookApp] Saving file at /SimCLR_Notebook.ipynb
[I 01:53:55.687 NotebookApp] Saving file at /SimCLR_Notebook.ipynb
[I 02:07:13.626 NotebookApp] Starting buffering for 1d796685-9045-47cd-aae1-372767e86e99:f6f3296a62bb4eab9d6ae9156df4663f
[I 02:07:14.656 NotebookApp] Kernel restarted: 1d796685-9045-47cd-aae1-372767e86e99
[I 02:07:15.743 NotebookApp] Restoring connection for 1d796685-9045-47cd-aae1-372767e86e99:f6f3296a62bb4eab9d6ae9156df4663f
[I 02:07:15.744 NotebookApp] Replaying 6 buffered messages
[I 02:07:55.201 NotebookApp] Saving file at /SimCLR_Notebook.ipynb
[I 02:09:54.760 NotebookApp] Saving file at /SimCLR_Notebook.ipynb
[I 02:10:51.867 NotebookApp] Saving file at /SimCLR/modules/simclr.py
[I 02:10:56.590 NotebookApp] Starting buffering for 1d796685-9045-47cd-aae1-372767e86e99:f6f3296a62bb4eab9d6ae9156df4663f
[I 02:10:57.501 NotebookApp] Kernel restarted: 1d796685-9045-47cd-aae1-372767e86e99
[I 02:10:58.431 NotebookApp] Restoring connection for 1d796685-9045-47cd-aae1-372767e86e99:f6f3296a62bb4eab9d6ae9156df4663f
[I 02:10:58.432 NotebookApp] Replaying 3 buffered messages
[I 02:11:55.244 NotebookApp] Saving file at /SimCLR_Notebook.ipynb
[I 02:13:54.756 NotebookApp] Saving file at /SimCLR_Notebook.ipynb
[I 02:15:55.236 NotebookApp] Saving file at /SimCLR_Notebook.ipynb
[I 02:17:55.541 NotebookApp] Saving file at /SimCLR_Notebook.ipynb
[I 02:19:55.472 NotebookApp] Saving file at /SimCLR_Notebook.ipynb
[I 02:21:55.237 NotebookApp] Saving file at /SimCLR_Notebook.ipynb
[I 02:23:34.324 NotebookApp] Starting buffering for 1d796685-9045-47cd-aae1-372767e86e99:f6f3296a62bb4eab9d6ae9156df4663f
[I 02:51:42.259 NotebookApp] Saving file at /SimCLR_Notebook.ipynb
[I 02:51:43.889 NotebookApp] Discarding 97 buffered messages for 1d796685-9045-47cd-aae1-372767e86e99:f6f3296a62bb4eab9d6ae9156df4663f
[I 02:52:03.868 NotebookApp] Starting buffering for 1d796685-9045-47cd-aae1-372767e86e99:c9d51b5d69a34e2f8d29325868d4be1b
[I 02:52:09.429 NotebookApp] Kernel restarted: 1d796685-9045-47cd-aae1-372767e86e99
[I 02:52:16.214 NotebookApp] Restoring connection for 1d796685-9045-47cd-aae1-372767e86e99:c9d51b5d69a34e2f8d29325868d4be1b
[I 02:52:16.215 NotebookApp] Replaying 4 buffered messages
[I 02:53:43.830 NotebookApp] Saving file at /SimCLR_Notebook.ipynb
[I 02:55:44.293 NotebookApp] Saving file at /SimCLR_Notebook.ipynb
[I 02:57:43.988 NotebookApp] Saving file at /SimCLR_Notebook.ipynb
[I 02:59:43.875 NotebookApp] Saving file at /SimCLR_Notebook.ipynb
slurmstepd: error: *** JOB 9303592 ON gpu-05 CANCELLED AT 2020-04-30T03:00:09 ***
