GPU 0: Tesla K80 (UUID: GPU-b564d3d3-202c-db73-07ce-f766f4c8aeda)
GPU 1: Tesla K80 (UUID: GPU-121ad7dd-81ea-4307-ee8a-2af492b32755)

Jupyter server is running on: gpu-24
Job starts at: Fri May  1 03:02:21 EDT 2020

Step 1 :

If you are working in NYU campus, please open an iTerm window, run command

ssh -L 7170:localhost:7170 sga297@prince.hpc.nyu.edu

If you are working off campus, you should already have ssh tunneling setup through HPC bastion host, 
that you can directly login to prince with command

ssh sga297@prince

Please open an iTerm window, run command

ssh -L 7170:localhost:7170 sga297@prince

Step 2:

Keep the iTerm windows in the previouse step open. Now open browser, find the line with

The Jupyter Notebook is running at: gpu-24

the URL is something: http://localhost:7170/?token=XXXXXXXX (see your token below)

you should be able to connect to jupyter notebook running remotly on prince compute node with above url

[I 03:02:33.075 NotebookApp] Serving notebooks from local directory: /scratch/sga297/dlProject/DLFrnn/Frnn/SimClr/SimclrGPU
[I 03:02:33.075 NotebookApp] The Jupyter Notebook is running at:
[I 03:02:33.075 NotebookApp] http://localhost:7170/?token=97829775341bea99678d33cfa5de3785f5aa2bf61c57d1df
[I 03:02:33.075 NotebookApp]  or http://127.0.0.1:7170/?token=97829775341bea99678d33cfa5de3785f5aa2bf61c57d1df
[I 03:02:33.075 NotebookApp] Use Control-C to stop this server and shut down all kernels (twice to skip confirmation).
[C 03:02:33.092 NotebookApp] 
    
    To access the notebook, open this file in a browser:
        file:///home/sga297/.local/share/jupyter/runtime/nbserver-27866-open.html
    Or copy and paste one of these URLs:
        http://localhost:7170/?token=97829775341bea99678d33cfa5de3785f5aa2bf61c57d1df
     or http://127.0.0.1:7170/?token=97829775341bea99678d33cfa5de3785f5aa2bf61c57d1df
[I 03:20:41.641 NotebookApp] 302 GET /?token=97829775341bea99678d33cfa5de3785f5aa2bf61c57d1df (::1) 0.66ms
[I 03:20:49.837 NotebookApp] Kernel started: e35b89b4-db6c-4270-bed8-3d72380e80eb
[I 03:22:57.614 NotebookApp] Starting buffering for e35b89b4-db6c-4270-bed8-3d72380e80eb:a8b08730e5b24fab89d754958e483e3c
[I 03:22:57.929 NotebookApp] Kernel restarted: e35b89b4-db6c-4270-bed8-3d72380e80eb
[I 03:22:59.009 NotebookApp] Restoring connection for e35b89b4-db6c-4270-bed8-3d72380e80eb:a8b08730e5b24fab89d754958e483e3c
[I 03:22:59.009 NotebookApp] Replaying 6 buffered messages
[I 03:24:50.274 NotebookApp] Saving file at /SimCLR_Notebook.ipynb
[I 03:28:49.670 NotebookApp] Saving file at /SimCLR_Notebook.ipynb
[I 03:29:43.767 NotebookApp] Starting buffering for e35b89b4-db6c-4270-bed8-3d72380e80eb:a8b08730e5b24fab89d754958e483e3c
[I 03:29:47.299 NotebookApp] Kernel restarted: e35b89b4-db6c-4270-bed8-3d72380e80eb
[I 03:29:50.370 NotebookApp] Restoring connection for e35b89b4-db6c-4270-bed8-3d72380e80eb:a8b08730e5b24fab89d754958e483e3c
[I 03:29:50.371 NotebookApp] Replaying 3 buffered messages
[I 03:30:50.426 NotebookApp] Saving file at /SimCLR_Notebook.ipynb
[I 03:32:05.115 NotebookApp] Starting buffering for e35b89b4-db6c-4270-bed8-3d72380e80eb:a8b08730e5b24fab89d754958e483e3c
[I 03:32:06.631 NotebookApp] Kernel restarted: e35b89b4-db6c-4270-bed8-3d72380e80eb
[I 03:32:09.949 NotebookApp] Restoring connection for e35b89b4-db6c-4270-bed8-3d72380e80eb:a8b08730e5b24fab89d754958e483e3c
[I 03:32:09.949 NotebookApp] Replaying 6 buffered messages
[I 03:32:50.278 NotebookApp] Saving file at /SimCLR_Notebook.ipynb
[I 03:42:32.366 NotebookApp] Starting buffering for e35b89b4-db6c-4270-bed8-3d72380e80eb:a8b08730e5b24fab89d754958e483e3c
[I 03:42:34.119 NotebookApp] Kernel restarted: e35b89b4-db6c-4270-bed8-3d72380e80eb
[I 03:42:37.060 NotebookApp] Restoring connection for e35b89b4-db6c-4270-bed8-3d72380e80eb:a8b08730e5b24fab89d754958e483e3c
[I 03:42:37.061 NotebookApp] Replaying 6 buffered messages
[I 03:42:49.672 NotebookApp] Saving file at /SimCLR_Notebook.ipynb
[I 03:43:32.676 NotebookApp] Starting buffering for e35b89b4-db6c-4270-bed8-3d72380e80eb:a8b08730e5b24fab89d754958e483e3c
[I 03:43:34.692 NotebookApp] Kernel restarted: e35b89b4-db6c-4270-bed8-3d72380e80eb
[I 03:43:36.130 NotebookApp] Restoring connection for e35b89b4-db6c-4270-bed8-3d72380e80eb:a8b08730e5b24fab89d754958e483e3c
[I 03:43:36.130 NotebookApp] Replaying 6 buffered messages
[I 03:44:49.694 NotebookApp] Saving file at /SimCLR_Notebook.ipynb
[I 03:50:49.703 NotebookApp] Saving file at /SimCLR_Notebook.ipynb
[I 03:51:12.115 NotebookApp] Starting buffering for e35b89b4-db6c-4270-bed8-3d72380e80eb:a8b08730e5b24fab89d754958e483e3c
[I 03:51:15.337 NotebookApp] Kernel restarted: e35b89b4-db6c-4270-bed8-3d72380e80eb
[I 03:51:16.649 NotebookApp] Restoring connection for e35b89b4-db6c-4270-bed8-3d72380e80eb:a8b08730e5b24fab89d754958e483e3c
[I 03:51:16.649 NotebookApp] Replaying 3 buffered messages
[I 03:52:49.681 NotebookApp] Saving file at /SimCLR_Notebook.ipynb
[I 03:52:51.611 NotebookApp] Starting buffering for e35b89b4-db6c-4270-bed8-3d72380e80eb:a8b08730e5b24fab89d754958e483e3c
[I 03:52:54.023 NotebookApp] Kernel restarted: e35b89b4-db6c-4270-bed8-3d72380e80eb
[I 03:52:56.487 NotebookApp] Restoring connection for e35b89b4-db6c-4270-bed8-3d72380e80eb:a8b08730e5b24fab89d754958e483e3c
[I 03:52:56.488 NotebookApp] Replaying 6 buffered messages
[I 03:54:49.684 NotebookApp] Saving file at /SimCLR_Notebook.ipynb
[I 03:56:19.710 NotebookApp] Starting buffering for e35b89b4-db6c-4270-bed8-3d72380e80eb:a8b08730e5b24fab89d754958e483e3c
[I 03:56:25.562 NotebookApp] Kernel restarted: e35b89b4-db6c-4270-bed8-3d72380e80eb
[I 03:56:27.833 NotebookApp] Restoring connection for e35b89b4-db6c-4270-bed8-3d72380e80eb:a8b08730e5b24fab89d754958e483e3c
[I 03:56:27.833 NotebookApp] Replaying 6 buffered messages
[I 03:56:29.231 NotebookApp] Starting buffering for e35b89b4-db6c-4270-bed8-3d72380e80eb:a8b08730e5b24fab89d754958e483e3c
[I 03:56:34.277 NotebookApp] Kernel restarted: e35b89b4-db6c-4270-bed8-3d72380e80eb
[I 03:56:35.323 NotebookApp] Restoring connection for e35b89b4-db6c-4270-bed8-3d72380e80eb:a8b08730e5b24fab89d754958e483e3c
[I 03:56:35.323 NotebookApp] Replaying 4 buffered messages
[I 03:56:49.688 NotebookApp] Saving file at /SimCLR_Notebook.ipynb
[I 03:58:49.699 NotebookApp] Saving file at /SimCLR_Notebook.ipynb
[I 04:01:49.781 NotebookApp] Starting buffering for e35b89b4-db6c-4270-bed8-3d72380e80eb:a8b08730e5b24fab89d754958e483e3c
[I 04:01:51.591 NotebookApp] Kernel restarted: e35b89b4-db6c-4270-bed8-3d72380e80eb
[I 04:01:54.613 NotebookApp] Restoring connection for e35b89b4-db6c-4270-bed8-3d72380e80eb:a8b08730e5b24fab89d754958e483e3c
[I 04:01:54.614 NotebookApp] Replaying 6 buffered messages
[I 04:02:49.705 NotebookApp] Saving file at /SimCLR_Notebook.ipynb
[I 04:36:29.521 NotebookApp] Starting buffering for e35b89b4-db6c-4270-bed8-3d72380e80eb:a8b08730e5b24fab89d754958e483e3c
[I 04:36:35.508 NotebookApp] Kernel restarted: e35b89b4-db6c-4270-bed8-3d72380e80eb
[I 04:36:43.470 NotebookApp] Restoring connection for e35b89b4-db6c-4270-bed8-3d72380e80eb:a8b08730e5b24fab89d754958e483e3c
[I 04:36:43.470 NotebookApp] Replaying 6 buffered messages
[I 04:36:49.723 NotebookApp] Saving file at /SimCLR_Notebook.ipynb
[I 04:38:49.737 NotebookApp] Saving file at /SimCLR_Notebook.ipynb
[I 04:39:19.491 NotebookApp] Starting buffering for e35b89b4-db6c-4270-bed8-3d72380e80eb:a8b08730e5b24fab89d754958e483e3c
[I 04:39:23.405 NotebookApp] Kernel restarted: e35b89b4-db6c-4270-bed8-3d72380e80eb
[I 04:39:30.328 NotebookApp] Restoring connection for e35b89b4-db6c-4270-bed8-3d72380e80eb:a8b08730e5b24fab89d754958e483e3c
[I 04:39:30.328 NotebookApp] Replaying 6 buffered messages
[I 04:40:14.169 NotebookApp] Starting buffering for e35b89b4-db6c-4270-bed8-3d72380e80eb:a8b08730e5b24fab89d754958e483e3c
[I 04:40:15.679 NotebookApp] Kernel restarted: e35b89b4-db6c-4270-bed8-3d72380e80eb
[I 04:40:16.724 NotebookApp] Restoring connection for e35b89b4-db6c-4270-bed8-3d72380e80eb:a8b08730e5b24fab89d754958e483e3c
[I 04:40:16.724 NotebookApp] Replaying 6 buffered messages
[I 04:40:49.735 NotebookApp] Saving file at /SimCLR_Notebook.ipynb
[I 04:42:02.374 NotebookApp] Starting buffering for e35b89b4-db6c-4270-bed8-3d72380e80eb:a8b08730e5b24fab89d754958e483e3c
[I 04:42:04.685 NotebookApp] Kernel restarted: e35b89b4-db6c-4270-bed8-3d72380e80eb
[I 04:42:05.775 NotebookApp] Restoring connection for e35b89b4-db6c-4270-bed8-3d72380e80eb:a8b08730e5b24fab89d754958e483e3c
[I 04:42:05.775 NotebookApp] Replaying 6 buffered messages
[I 04:42:49.743 NotebookApp] Saving file at /SimCLR_Notebook.ipynb
[I 04:44:16.664 NotebookApp] Starting buffering for e35b89b4-db6c-4270-bed8-3d72380e80eb:a8b08730e5b24fab89d754958e483e3c
[I 04:44:18.880 NotebookApp] Kernel restarted: e35b89b4-db6c-4270-bed8-3d72380e80eb
[I 04:44:20.441 NotebookApp] Restoring connection for e35b89b4-db6c-4270-bed8-3d72380e80eb:a8b08730e5b24fab89d754958e483e3c
[I 04:44:20.441 NotebookApp] Replaying 3 buffered messages
[I 04:44:50.343 NotebookApp] Saving file at /SimCLR_Notebook.ipynb
[I 04:46:50.668 NotebookApp] Saving file at /SimCLR_Notebook.ipynb
[I 04:48:53.158 NotebookApp] Saving file at /SimCLR_Notebook.ipynb
[I 04:52:34.853 NotebookApp] Starting buffering for e35b89b4-db6c-4270-bed8-3d72380e80eb:a8b08730e5b24fab89d754958e483e3c
[I 04:52:37.573 NotebookApp] Kernel restarted: e35b89b4-db6c-4270-bed8-3d72380e80eb
[I 04:52:41.284 NotebookApp] Restoring connection for e35b89b4-db6c-4270-bed8-3d72380e80eb:a8b08730e5b24fab89d754958e483e3c
[I 04:52:41.284 NotebookApp] Replaying 6 buffered messages
[I 04:52:49.747 NotebookApp] Saving file at /SimCLR_Notebook.ipynb
[I 04:53:16.643 NotebookApp] Starting buffering for e35b89b4-db6c-4270-bed8-3d72380e80eb:a8b08730e5b24fab89d754958e483e3c
[I 04:53:17.562 NotebookApp] Kernel restarted: e35b89b4-db6c-4270-bed8-3d72380e80eb
[I 04:53:19.875 NotebookApp] Restoring connection for e35b89b4-db6c-4270-bed8-3d72380e80eb:a8b08730e5b24fab89d754958e483e3c
[I 04:53:19.876 NotebookApp] Replaying 6 buffered messages
[I 04:54:30.069 NotebookApp] Starting buffering for e35b89b4-db6c-4270-bed8-3d72380e80eb:a8b08730e5b24fab89d754958e483e3c
[I 04:54:31.879 NotebookApp] Kernel restarted: e35b89b4-db6c-4270-bed8-3d72380e80eb
[I 04:54:35.155 NotebookApp] Restoring connection for e35b89b4-db6c-4270-bed8-3d72380e80eb:a8b08730e5b24fab89d754958e483e3c
[I 04:54:35.155 NotebookApp] Replaying 3 buffered messages
[I 04:54:49.755 NotebookApp] Saving file at /SimCLR_Notebook.ipynb
[I 04:56:49.422 NotebookApp] Starting buffering for e35b89b4-db6c-4270-bed8-3d72380e80eb:a8b08730e5b24fab89d754958e483e3c
[I 04:56:50.932 NotebookApp] Kernel restarted: e35b89b4-db6c-4270-bed8-3d72380e80eb
[I 04:56:51.033 NotebookApp] Saving file at /SimCLR_Notebook.ipynb
[I 04:56:53.076 NotebookApp] Restoring connection for e35b89b4-db6c-4270-bed8-3d72380e80eb:a8b08730e5b24fab89d754958e483e3c
[I 04:56:53.076 NotebookApp] Replaying 6 buffered messages
[I 04:57:35.550 NotebookApp] Starting buffering for e35b89b4-db6c-4270-bed8-3d72380e80eb:a8b08730e5b24fab89d754958e483e3c
[I 04:57:37.064 NotebookApp] Kernel restarted: e35b89b4-db6c-4270-bed8-3d72380e80eb
[I 04:57:38.540 NotebookApp] Restoring connection for e35b89b4-db6c-4270-bed8-3d72380e80eb:a8b08730e5b24fab89d754958e483e3c
[I 04:57:38.541 NotebookApp] Replaying 6 buffered messages
[I 04:58:49.754 NotebookApp] Saving file at /SimCLR_Notebook.ipynb
[I 04:58:58.149 NotebookApp] Starting buffering for e35b89b4-db6c-4270-bed8-3d72380e80eb:a8b08730e5b24fab89d754958e483e3c
[I 04:59:02.965 NotebookApp] Kernel restarted: e35b89b4-db6c-4270-bed8-3d72380e80eb
[I 04:59:04.271 NotebookApp] Restoring connection for e35b89b4-db6c-4270-bed8-3d72380e80eb:a8b08730e5b24fab89d754958e483e3c
[I 04:59:04.271 NotebookApp] Replaying 6 buffered messages
[I 05:00:50.359 NotebookApp] Saving file at /SimCLR_Notebook.ipynb
[I 05:03:59.365 NotebookApp] Starting buffering for e35b89b4-db6c-4270-bed8-3d72380e80eb:a8b08730e5b24fab89d754958e483e3c
[I 05:04:04.592 NotebookApp] Kernel restarted: e35b89b4-db6c-4270-bed8-3d72380e80eb
[I 05:04:07.886 NotebookApp] Restoring connection for e35b89b4-db6c-4270-bed8-3d72380e80eb:a8b08730e5b24fab89d754958e483e3c
[I 05:04:07.886 NotebookApp] Replaying 6 buffered messages
[I 05:04:49.769 NotebookApp] Saving file at /SimCLR_Notebook.ipynb
[I 05:22:49.773 NotebookApp] Saving file at /SimCLR_Notebook.ipynb
[I 05:24:49.776 NotebookApp] Saving file at /SimCLR_Notebook.ipynb
[I 05:25:20.523 NotebookApp] Starting buffering for e35b89b4-db6c-4270-bed8-3d72380e80eb:a8b08730e5b24fab89d754958e483e3c
[I 05:25:24.354 NotebookApp] Kernel restarted: e35b89b4-db6c-4270-bed8-3d72380e80eb
[I 05:25:29.353 NotebookApp] Restoring connection for e35b89b4-db6c-4270-bed8-3d72380e80eb:a8b08730e5b24fab89d754958e483e3c
[I 05:25:29.354 NotebookApp] Replaying 3 buffered messages
[I 05:26:49.793 NotebookApp] Saving file at /SimCLR_Notebook.ipynb
[I 05:28:49.781 NotebookApp] Saving file at /SimCLR_Notebook.ipynb
[I 05:34:51.821 NotebookApp] Kernel restarted: e35b89b4-db6c-4270-bed8-3d72380e80eb
[I 05:34:51.823 NotebookApp] Starting buffering for e35b89b4-db6c-4270-bed8-3d72380e80eb:a8b08730e5b24fab89d754958e483e3c
[I 05:34:51.957 NotebookApp] Saving file at /SimCLR_Notebook.ipynb
[I 05:34:55.011 NotebookApp] Restoring connection for e35b89b4-db6c-4270-bed8-3d72380e80eb:a8b08730e5b24fab89d754958e483e3c
[I 05:34:55.011 NotebookApp] Replaying 6 buffered messages
[I 05:35:22.933 NotebookApp] Starting buffering for e35b89b4-db6c-4270-bed8-3d72380e80eb:a8b08730e5b24fab89d754958e483e3c
[I 05:35:23.646 NotebookApp] Kernel restarted: e35b89b4-db6c-4270-bed8-3d72380e80eb
[I 05:35:24.702 NotebookApp] Restoring connection for e35b89b4-db6c-4270-bed8-3d72380e80eb:a8b08730e5b24fab89d754958e483e3c
[I 05:35:24.702 NotebookApp] Replaying 6 buffered messages
[I 05:36:49.808 NotebookApp] Saving file at /SimCLR_Notebook.ipynb
[I 05:38:27.120 NotebookApp] Starting buffering for e35b89b4-db6c-4270-bed8-3d72380e80eb:a8b08730e5b24fab89d754958e483e3c
[I 05:38:28.429 NotebookApp] Kernel restarted: e35b89b4-db6c-4270-bed8-3d72380e80eb
[I 05:38:30.562 NotebookApp] Restoring connection for e35b89b4-db6c-4270-bed8-3d72380e80eb:a8b08730e5b24fab89d754958e483e3c
[I 05:38:30.563 NotebookApp] Replaying 6 buffered messages
[I 05:38:49.793 NotebookApp] Saving file at /SimCLR_Notebook.ipynb
[I 05:40:15.208 NotebookApp] Starting buffering for e35b89b4-db6c-4270-bed8-3d72380e80eb:a8b08730e5b24fab89d754958e483e3c
[I 05:40:16.517 NotebookApp] Kernel restarted: e35b89b4-db6c-4270-bed8-3d72380e80eb
[I 05:40:18.510 NotebookApp] Restoring connection for e35b89b4-db6c-4270-bed8-3d72380e80eb:a8b08730e5b24fab89d754958e483e3c
[I 05:40:18.510 NotebookApp] Replaying 6 buffered messages
[I 05:40:49.808 NotebookApp] Saving file at /SimCLR_Notebook.ipynb
[I 05:40:55.112 NotebookApp] Starting buffering for e35b89b4-db6c-4270-bed8-3d72380e80eb:a8b08730e5b24fab89d754958e483e3c
[I 05:40:56.521 NotebookApp] Kernel restarted: e35b89b4-db6c-4270-bed8-3d72380e80eb
[I 05:40:58.409 NotebookApp] Restoring connection for e35b89b4-db6c-4270-bed8-3d72380e80eb:a8b08730e5b24fab89d754958e483e3c
[I 05:40:58.410 NotebookApp] Replaying 3 buffered messages
[I 05:42:49.789 NotebookApp] Saving file at /SimCLR_Notebook.ipynb
[I 05:43:31.323 NotebookApp] Starting buffering for e35b89b4-db6c-4270-bed8-3d72380e80eb:a8b08730e5b24fab89d754958e483e3c
[I 05:43:33.233 NotebookApp] Kernel restarted: e35b89b4-db6c-4270-bed8-3d72380e80eb
[I 05:43:36.249 NotebookApp] Restoring connection for e35b89b4-db6c-4270-bed8-3d72380e80eb:a8b08730e5b24fab89d754958e483e3c
[I 05:43:36.249 NotebookApp] Replaying 6 buffered messages
[I 05:44:49.793 NotebookApp] Saving file at /SimCLR_Notebook.ipynb
[I 05:45:00.149 NotebookApp] Starting buffering for e35b89b4-db6c-4270-bed8-3d72380e80eb:a8b08730e5b24fab89d754958e483e3c
[I 05:45:02.073 NotebookApp] Kernel restarted: e35b89b4-db6c-4270-bed8-3d72380e80eb
[I 05:45:05.233 NotebookApp] Restoring connection for e35b89b4-db6c-4270-bed8-3d72380e80eb:a8b08730e5b24fab89d754958e483e3c
[I 05:45:05.233 NotebookApp] Replaying 3 buffered messages
[I 05:46:11.127 NotebookApp] Starting buffering for e35b89b4-db6c-4270-bed8-3d72380e80eb:a8b08730e5b24fab89d754958e483e3c
[I 05:46:12.637 NotebookApp] Kernel restarted: e35b89b4-db6c-4270-bed8-3d72380e80eb
[I 05:46:14.245 NotebookApp] Restoring connection for e35b89b4-db6c-4270-bed8-3d72380e80eb:a8b08730e5b24fab89d754958e483e3c
[I 05:46:14.246 NotebookApp] Replaying 3 buffered messages
[I 05:46:49.804 NotebookApp] Saving file at /SimCLR_Notebook.ipynb
[I 05:48:49.795 NotebookApp] Saving file at /SimCLR_Notebook.ipynb
[I 05:50:09.215 NotebookApp] Starting buffering for e35b89b4-db6c-4270-bed8-3d72380e80eb:a8b08730e5b24fab89d754958e483e3c
[I 05:50:10.825 NotebookApp] Kernel restarted: e35b89b4-db6c-4270-bed8-3d72380e80eb
[I 05:50:12.530 NotebookApp] Restoring connection for e35b89b4-db6c-4270-bed8-3d72380e80eb:a8b08730e5b24fab89d754958e483e3c
[I 05:50:12.531 NotebookApp] Replaying 6 buffered messages
[I 05:50:49.810 NotebookApp] Saving file at /SimCLR_Notebook.ipynb
[I 05:51:06.148 NotebookApp] Starting buffering for e35b89b4-db6c-4270-bed8-3d72380e80eb:a8b08730e5b24fab89d754958e483e3c
[I 05:51:08.059 NotebookApp] Kernel restarted: e35b89b4-db6c-4270-bed8-3d72380e80eb
[I 05:51:10.232 NotebookApp] Restoring connection for e35b89b4-db6c-4270-bed8-3d72380e80eb:a8b08730e5b24fab89d754958e483e3c
[I 05:51:10.232 NotebookApp] Replaying 6 buffered messages
[I 05:52:12.366 NotebookApp] Starting buffering for e35b89b4-db6c-4270-bed8-3d72380e80eb:a8b08730e5b24fab89d754958e483e3c
[I 05:52:13.877 NotebookApp] Kernel restarted: e35b89b4-db6c-4270-bed8-3d72380e80eb
[I 05:52:15.316 NotebookApp] Restoring connection for e35b89b4-db6c-4270-bed8-3d72380e80eb:a8b08730e5b24fab89d754958e483e3c
[I 05:52:15.317 NotebookApp] Replaying 3 buffered messages
[I 05:52:49.817 NotebookApp] Saving file at /SimCLR_Notebook.ipynb
[I 05:53:03.756 NotebookApp] Starting buffering for e35b89b4-db6c-4270-bed8-3d72380e80eb:a8b08730e5b24fab89d754958e483e3c
[I 05:53:04.967 NotebookApp] Kernel restarted: e35b89b4-db6c-4270-bed8-3d72380e80eb
[I 05:53:05.955 NotebookApp] Restoring connection for e35b89b4-db6c-4270-bed8-3d72380e80eb:a8b08730e5b24fab89d754958e483e3c
[I 05:53:05.955 NotebookApp] Replaying 3 buffered messages
[I 05:54:50.457 NotebookApp] Saving file at /SimCLR_Notebook.ipynb
[I 05:56:49.927 NotebookApp] Saving file at /SimCLR_Notebook.ipynb
[I 05:58:50.001 NotebookApp] Saving file at /SimCLR_Notebook.ipynb
[I 06:00:50.579 NotebookApp] Saving file at /SimCLR_Notebook.ipynb
[I 06:02:50.917 NotebookApp] Saving file at /SimCLR_Notebook.ipynb
[I 06:21:08.923 NotebookApp] Saving file at /SimCLR_Notebook.ipynb
[I 06:49:35.809 NotebookApp] Starting buffering for e35b89b4-db6c-4270-bed8-3d72380e80eb:a8b08730e5b24fab89d754958e483e3c
[I 06:49:41.808 NotebookApp] Kernel restarted: e35b89b4-db6c-4270-bed8-3d72380e80eb
[I 06:49:49.231 NotebookApp] Restoring connection for e35b89b4-db6c-4270-bed8-3d72380e80eb:a8b08730e5b24fab89d754958e483e3c
[I 06:49:49.232 NotebookApp] Replaying 6 buffered messages
[I 06:50:50.596 NotebookApp] Saving file at /SimCLR_Notebook.ipynb
[I 06:51:48.959 NotebookApp] Starting buffering for e35b89b4-db6c-4270-bed8-3d72380e80eb:a8b08730e5b24fab89d754958e483e3c
[I 06:51:55.018 NotebookApp] Kernel restarted: e35b89b4-db6c-4270-bed8-3d72380e80eb
[I 06:52:02.353 NotebookApp] Restoring connection for e35b89b4-db6c-4270-bed8-3d72380e80eb:a8b08730e5b24fab89d754958e483e3c
[I 06:52:02.353 NotebookApp] Replaying 12 buffered messages
[I 06:52:49.881 NotebookApp] Saving file at /SimCLR_Notebook.ipynb
[I 06:54:50.857 NotebookApp] Saving file at /SimCLR_Notebook.ipynb
[I 06:56:50.570 NotebookApp] Saving file at /SimCLR_Notebook.ipynb
[I 06:58:50.938 NotebookApp] Saving file at /SimCLR_Notebook.ipynb
[I 07:00:50.712 NotebookApp] Saving file at /SimCLR_Notebook.ipynb
[I 07:02:50.675 NotebookApp] Saving file at /SimCLR_Notebook.ipynb
[I 07:04:50.860 NotebookApp] Saving file at /SimCLR_Notebook.ipynb
[I 07:06:50.512 NotebookApp] Saving file at /SimCLR_Notebook.ipynb
[I 07:08:50.586 NotebookApp] Saving file at /SimCLR_Notebook.ipynb
[I 07:10:50.723 NotebookApp] Saving file at /SimCLR_Notebook.ipynb
[I 07:12:50.692 NotebookApp] Saving file at /SimCLR_Notebook.ipynb
[I 07:14:50.807 NotebookApp] Saving file at /SimCLR_Notebook.ipynb
[I 07:16:50.857 NotebookApp] Saving file at /SimCLR_Notebook.ipynb
[I 07:18:50.603 NotebookApp] Saving file at /SimCLR_Notebook.ipynb
[I 07:20:50.931 NotebookApp] Saving file at /SimCLR_Notebook.ipynb
[I 07:22:50.530 NotebookApp] Saving file at /SimCLR_Notebook.ipynb
[I 07:24:50.615 NotebookApp] Saving file at /SimCLR_Notebook.ipynb
[I 07:26:50.836 NotebookApp] Saving file at /SimCLR_Notebook.ipynb
[I 07:28:50.780 NotebookApp] Saving file at /SimCLR_Notebook.ipynb
[I 07:30:50.633 NotebookApp] Saving file at /SimCLR_Notebook.ipynb
[I 07:32:50.788 NotebookApp] Saving file at /SimCLR_Notebook.ipynb
[I 07:34:50.843 NotebookApp] Saving file at /SimCLR_Notebook.ipynb
[I 07:36:50.816 NotebookApp] Saving file at /SimCLR_Notebook.ipynb
